<?xml version="1.0" encoding="UTF-8"?>
<!-- Generated by org.testng.reporters.JUnitReportReporter -->
<testsuite skipped="0" hostname="ABIRAMI" name="FleetEdge_Util.Util" tests="21" failures="0" timestamp="12 Mar 2018 09:58:54 GMT" time="0.016" errors="0">
  <testcase name="EmailReport" time="0.000" classname="FleetEdge_Util.Util"/>
  <testcase name="AssociationMaster" time="0.016" classname="FleetEdge_Util.Util"/>
  <testcase name="GeoFence" time="0.000" classname="FleetEdge_Util.Util"/>
  <testcase name="EquipmentTerminalAssociation" time="0.000" classname="FleetEdge_Util.Util"/>
  <testcase name="FleetEventReport" time="0.000" classname="FleetEdge_Util.Util"/>
  <testcase name="FleetStatus" time="0.000" classname="FleetEdge_Util.Util"/>
  <testcase name="AssetDetails" time="0.000" classname="FleetEdge_Util.Util"/>
  <testcase name="SMSorEmailTemplate" time="0.000" classname="FleetEdge_Util.Util"/>
  <testcase name="SendSMSorSATMessage" time="0.000" classname="FleetEdge_Util.Util"/>
  <testcase name="EmailReportWizard" time="0.000" classname="FleetEdge_Util.Util"/>
  <testcase name="IssueResolver" time="0.000" classname="FleetEdge_Util.Util"/>
  <testcase name="ManageWidgets" time="0.000" classname="FleetEdge_Util.Util"/>
  <testcase name="SendMail" time="0.000" classname="FleetEdge_Util.Util"/>
  <testcase name="TimeFence" time="0.000" classname="FleetEdge_Util.Util"/>
  <testcase name="AssetDetailTab" time="0.000" classname="FleetEdge_Util.Util"/>
  <testcase name="FleetSummary" time="0.000" classname="FleetEdge_Util.Util"/>
  <testcase name="CompanyManager" time="0.000" classname="FleetEdge_Util.Util"/>
  <testcase name="Programs" time="0.000" classname="FleetEdge_Util.Util"/>
  <testcase name="login" time="0.000" classname="FleetEdge_Util.Util"/>
  <testcase name="ModelManager" time="0.000" classname="FleetEdge_Util.Util"/>
  <testcase name="TerminalSummary" time="0.000" classname="FleetEdge_Util.Util"/>
</testsuite> <!-- FleetEdge_Util.Util -->
